[2020-05-08 17:40:58] [info] Start Program:
Path:"D:\\Facultate\\Semestrul 2\\C++\\Lab 6\\Debug\\Lab 6.exe"
Arguments:
Working directory: "D:\\Facultate\\Semestrul 2\\C++\\Lab 6\\"
Modules: Selected: D:\Facultate\Semestrul 2\C++\Lab 6\Debug\Lab 6.exe Excluded: 
Sources: Selected: D:\Facultate\Semestrul 2\C++\Lab 6 Excluded: 
Log Level: Normal
Cover Children: 0
Aggregate by file: 1
Continue after C++ exception: 0
Optimized build support: 0
Export: binary C:\Users\rares\AppData\Local\Temp\ufaiodgx.3se 
Input coverage: 
Unified diff: 
Excluded line regular expressions: 
Substitute pdb source paths: 

[2020-05-08 17:40:58] [info] Module: D:\Facultate\Semestrul 2\C++\Lab 6\Debug\Lab 6.exe is selected because it matches selected pattern: D:\Facultate\Semestrul 2\C++\Lab 6\Debug\Lab 6.exe
[2020-05-08 17:40:59] [info] ----------------------------------------------------
[2020-05-08 17:40:59] [info] Coverage binary generated in file: C:\Users\rares\AppData\Local\Temp\ufaiodgx.3se
[2020-05-08 17:40:59] [info] ----------------------------------------------------
